<?xml version="1.0" encoding="UTF-8"?>
<testsuite name="com.servitware.base.impl.StrIdedTest" tests="43" skipped="0" failures="0" errors="0" timestamp="2025-04-10T06:20:13" hostname="sparta" time="0.072">
  <properties/>
  <testcase name="constructorShouldNotModifyStringBeyondTrimming()" classname="com.servitware.base.impl.StrIdedTest" time="0.001"/>
  <testcase name="getId_ShouldReturnCorrectValue()" classname="com.servitware.base.impl.StrIdedTest" time="0.0"/>
  <testcase name="[1] simple" classname="com.servitware.base.impl.StrIdedTest" time="0.001"/>
  <testcase name="[2] 123" classname="com.servitware.base.impl.StrIdedTest" time="0.0"/>
  <testcase name="[3] ABC123" classname="com.servitware.base.impl.StrIdedTest" time="0.001"/>
  <testcase name="[4] a1b2c3" classname="com.servitware.base.impl.StrIdedTest" time="0.0"/>
  <testcase name="[5] with-hyphen" classname="com.servitware.base.impl.StrIdedTest" time="0.001"/>
  <testcase name="[6] with_underscore" classname="com.servitware.base.impl.StrIdedTest" time="0.0"/>
  <testcase name="[7] with.dots" classname="com.servitware.base.impl.StrIdedTest" time="0.001"/>
  <testcase name="[8] mixed-Case" classname="com.servitware.base.impl.StrIdedTest" time="0.0"/>
  <testcase name="[9] UPPERCASE" classname="com.servitware.base.impl.StrIdedTest" time="0.001"/>
  <testcase name="[10] lowercase" classname="com.servitware.base.impl.StrIdedTest" time="0.0"/>
  <testcase name="[11]   leading-trailing  " classname="com.servitware.base.impl.StrIdedTest" time="0.001"/>
  <testcase name="[12] &#9;whitespace&#9;" classname="com.servitware.base.impl.StrIdedTest" time="0.0"/>
  <testcase name="[13] a" classname="com.servitware.base.impl.StrIdedTest" time="0.0"/>
  <testcase name="[14] 1" classname="com.servitware.base.impl.StrIdedTest" time="0.0"/>
  <testcase name="[15] aaaaaaaaaaaaaaaaaaaaaaaaaaaaaaaaaaaaaaaaaaaaaaaaaaaaaaaaaaaaaaaaaaaaaaaaaaaaaaaaaaaaaaaaaaaaaaaaaaaaaaaaaaaaaaaaaaaaaaaaaaaaaaaaaaaaaaaaaaaaaaaaaaaaaaaaaaaaaaaaaaaaaaaaaaaaaaaaaaaaaaaaaaaaaaaaaaaaaaaaaaaaaaaaaaaaaaaaaaaaaaaaaaaaaaaaaaaaaaaaaaaaaaaaaaaaaaaaaaaaaaaaaaaaaaaaaaaaaaaaaaaaaaaaaaaaaaaaaaaaaaaaaaaaaaaaaaaaaaaaaaaaaaaaaaaaaaaaaaaaaaaaaaaaaaaaaaaaaaaaaaaaaaaaaaaaaaaaaaaaaaaaaaaaaaaaaaaaaaaaaaaaaaaaaaaaaaaaaaaaaaaaaaaaaaaaaaaaaaaaaaaaaaaaaaaaaaaaaaaaaaaaaaaaaaaaaaaaaaaaaaaaaaaaaaaaaaaaaaaaaaaaaaaaaaa…" classname="com.servitware.base.impl.StrIdedTest" time="0.001"/>
  <testcase name="getId_ShouldBeConsistent()" classname="com.servitware.base.impl.StrIdedTest" time="0.0"/>
  <testcase name="[1]   no-whitespace  " classname="com.servitware.base.impl.StrIdedTest" time="0.0"/>
  <testcase name="[2] &#9;tabbed&#9;" classname="com.servitware.base.impl.StrIdedTest" time="0.001"/>
  <testcase name="[3] &#10;newline&#10;" classname="com.servitware.base.impl.StrIdedTest" time="0.0"/>
  <testcase name="[1] a" classname="com.servitware.base.impl.StrIdedTest" time="0.0"/>
  <testcase name="[2] 1" classname="com.servitware.base.impl.StrIdedTest" time="0.001"/>
  <testcase name="[3] abc123" classname="com.servitware.base.impl.StrIdedTest" time="0.001"/>
  <testcase name="[4] A1B2C3" classname="com.servitware.base.impl.StrIdedTest" time="0.001"/>
  <testcase name="[5]  valid " classname="com.servitware.base.impl.StrIdedTest" time="0.001"/>
  <testcase name="[6]   trimmed  " classname="com.servitware.base.impl.StrIdedTest" time="0.001"/>
  <testcase name="[7] with-hyphen" classname="com.servitware.base.impl.StrIdedTest" time="0.0"/>
  <testcase name="[8] with_underscore" classname="com.servitware.base.impl.StrIdedTest" time="0.001"/>
  <testcase name="[1] x" classname="com.servitware.base.impl.StrIdedTest" time="0.001"/>
  <testcase name="[2] X" classname="com.servitware.base.impl.StrIdedTest" time="0.0"/>
  <testcase name="[3] 0" classname="com.servitware.base.impl.StrIdedTest" time="0.001"/>
  <testcase name="[4] 9" classname="com.servitware.base.impl.StrIdedTest" time="0.0"/>
  <testcase name="[5] a1" classname="com.servitware.base.impl.StrIdedTest" time="0.0"/>
  <testcase name="[6] 1a" classname="com.servitware.base.impl.StrIdedTest" time="0.0"/>
  <testcase name="[7] aaaaaaaaaaaaaaaaaaaaaaa" classname="com.servitware.base.impl.StrIdedTest" time="0.0"/>
  <testcase name="[1] null" classname="com.servitware.base.impl.StrIdedTest" time="0.0"/>
  <testcase name="[2] " classname="com.servitware.base.impl.StrIdedTest" time="0.001"/>
  <testcase name="[3]  " classname="com.servitware.base.impl.StrIdedTest" time="0.001"/>
  <testcase name="[4]   " classname="com.servitware.base.impl.StrIdedTest" time="0.0"/>
  <testcase name="[5] &#9;" classname="com.servitware.base.impl.StrIdedTest" time="0.001"/>
  <testcase name="[6] &#10;" classname="com.servitware.base.impl.StrIdedTest" time="0.001"/>
  <testcase name="[7] &#13;&#10;" classname="com.servitware.base.impl.StrIdedTest" time="0.0"/>
  <system-out><![CDATA[]]></system-out>
  <system-err><![CDATA[]]></system-err>
</testsuite>
